<?xml version="1.0" encoding="UTF-8"?>
<testng-results skipped="0" failed="0" ignored="0" total="1" passed="1">
  <reporter-output>
  </reporter-output>
  <suite name="inetBanking" duration-ms="18054" started-at="2020-08-01T15:24:23Z" finished-at="2020-08-01T15:24:41Z">
    <groups>
    </groups>
    <test name="BankingApp Test" duration-ms="18054" started-at="2020-08-01T15:24:23Z" finished-at="2020-08-01T15:24:41Z">
      <class name="com.inetBanking.testCases.TC_Login_001">
        <test-method status="PASS" signature="setup(java.lang.String)[pri:0, instance:com.inetBanking.testCases.TC_Login_001@8bd1b6a]" name="setup" is-config="true" duration-ms="5068" started-at="2020-08-01T15:24:23Z" finished-at="2020-08-01T15:24:28Z">
          <params>
            <param index="0">
              <value>
                <![CDATA[chrome]]>
              </value>
            </param>
          </params>
          <reporter-output>
          </reporter-output>
        </test-method> <!-- setup -->
        <test-method status="PASS" signature="loginTest()[pri:0, instance:com.inetBanking.testCases.TC_Login_001@8bd1b6a]" name="loginTest" duration-ms="12110" started-at="2020-08-01T15:24:28Z" finished-at="2020-08-01T15:24:41Z">
          <reporter-output>
          </reporter-output>
        </test-method> <!-- loginTest -->
        <test-method status="PASS" signature="tearDown()[pri:0, instance:com.inetBanking.testCases.TC_Login_001@8bd1b6a]" name="tearDown" is-config="true" duration-ms="638" started-at="2020-08-01T15:24:41Z" finished-at="2020-08-01T15:24:41Z">
          <reporter-output>
          </reporter-output>
        </test-method> <!-- tearDown -->
      </class> <!-- com.inetBanking.testCases.TC_Login_001 -->
    </test> <!-- BankingApp Test -->
  </suite> <!-- inetBanking -->
</testng-results>
